<?xml version="1.0" encoding="UTF-8"?>
<robot generator="Robot 4.0 (Python 3.9.2 on win32)" generated="20210330 21:18:32.721" rpa="false" schemaversion="2">
<suite id="s1" name="Login Form" source="C:\qaninja\robot\web\testes\login_form.robot">
<test id="s1-t1" name="Login com sucesso">
<kw name="Nova sessão" library="base" type="SETUP">
<kw name="Open Browser" library="SeleniumLibrary">
<arg>${url}</arg>
<arg>chrome</arg>
<doc>Opens a new browser instance to the optional ``url``.</doc>
<msg timestamp="20210330 21:18:32.908" level="INFO">Opening browser 'chrome' to base url 'http://training-wheels-protocol.herokuapp.com'.</msg>
<status status="PASS" starttime="20210330 21:18:32.908" endtime="20210330 21:18:37.301"/>
</kw>
<status status="PASS" starttime="20210330 21:18:32.908" endtime="20210330 21:18:37.301"/>
</kw>
<kw name="Go To" library="SeleniumLibrary">
<arg>${url}/login</arg>
<doc>Navigates the current browser window to the provided ``url``.</doc>
<msg timestamp="20210330 21:18:37.302" level="INFO">Opening url 'http://training-wheels-protocol.herokuapp.com/login'</msg>
<status status="PASS" starttime="20210330 21:18:37.302" endtime="20210330 21:18:38.338"/>
</kw>
<kw name="login with">
<arg>stark</arg>
<arg>jarvis!</arg>
<kw name="Input Text" library="SeleniumLibrary">
<arg>css:input[name=username]</arg>
<arg>${uname}</arg>
<doc>Types the given ``text`` into the text field identified by ``locator``.</doc>
<msg timestamp="20210330 21:18:38.340" level="INFO">Typing text 'stark' into text field 'css:input[name=username]'.</msg>
<status status="PASS" starttime="20210330 21:18:38.339" endtime="20210330 21:18:38.413"/>
</kw>
<kw name="Input Text" library="SeleniumLibrary">
<arg>css:input[name=password]</arg>
<arg>${password}</arg>
<doc>Types the given ``text`` into the text field identified by ``locator``.</doc>
<msg timestamp="20210330 21:18:38.414" level="INFO">Typing text 'jarvis!' into text field 'css:input[name=password]'.</msg>
<status status="PASS" starttime="20210330 21:18:38.413" endtime="20210330 21:18:38.489"/>
</kw>
<status status="PASS" starttime="20210330 21:18:38.339" endtime="20210330 21:18:38.490"/>
</kw>
<kw name="Click Element" library="SeleniumLibrary">
<arg>class:btn-login</arg>
<doc>Click the element identified by ``locator``.</doc>
<msg timestamp="20210330 21:18:38.490" level="INFO">Clicking element 'class:btn-login'.</msg>
<status status="PASS" starttime="20210330 21:18:38.490" endtime="20210330 21:18:39.035"/>
</kw>
<kw name="should contains login alert">
<arg>Olá, Tony Stark. Você acessou a área logada!</arg>
<kw name="Get WebElement" library="SeleniumLibrary">
<var>${messenge}</var>
<arg>id:flash</arg>
<doc>Returns the first WebElement matching the given ``locator``.</doc>
<msg timestamp="20210330 21:18:39.045" level="INFO">${messenge} = &lt;selenium.webdriver.remote.webelement.WebElement (session="bbc77e421ee414e197f3b9483a55c893", element="2ff051ed-39d1-418b-89ac-a8a131dd039b")&gt;</msg>
<status status="PASS" starttime="20210330 21:18:39.036" endtime="20210330 21:18:39.045"/>
</kw>
<kw name="Should Contain" library="BuiltIn">
<arg>${messenge.text}</arg>
<arg>${expect_menssege}</arg>
<doc>Fails if ``container`` does not contain ``item`` one or more times.</doc>
<status status="PASS" starttime="20210330 21:18:39.046" endtime="20210330 21:18:39.058"/>
</kw>
<status status="PASS" starttime="20210330 21:18:39.035" endtime="20210330 21:18:39.058"/>
</kw>
<kw name="Encerra sessão" library="base" type="TEARDOWN">
<kw name="Capture Page Screenshot" library="SeleniumLibrary">
<doc>Takes a screenshot of the current page and embeds it into a log file.</doc>
<msg timestamp="20210330 21:18:39.381" level="INFO" html="true">&lt;/td&gt;&lt;/tr&gt;&lt;tr&gt;&lt;td colspan="3"&gt;&lt;a href="selenium-screenshot-36.png"&gt;&lt;img src="selenium-screenshot-36.png" width="800px"&gt;&lt;/a&gt;</msg>
<status status="PASS" starttime="20210330 21:18:39.060" endtime="20210330 21:18:39.381"/>
</kw>
<kw name="Close Browser" library="SeleniumLibrary">
<doc>Closes the current browser.</doc>
<status status="PASS" starttime="20210330 21:18:39.381" endtime="20210330 21:18:42.638"/>
</kw>
<status status="PASS" starttime="20210330 21:18:39.059" endtime="20210330 21:18:42.638"/>
</kw>
<status status="PASS" starttime="20210330 21:18:32.908" endtime="20210330 21:18:42.640"/>
</test>
<test id="s1-t2" name="Senha inválida">
<kw name="Nova sessão" library="base" type="SETUP">
<kw name="Open Browser" library="SeleniumLibrary">
<arg>${url}</arg>
<arg>chrome</arg>
<doc>Opens a new browser instance to the optional ``url``.</doc>
<msg timestamp="20210330 21:18:42.644" level="INFO">Opening browser 'chrome' to base url 'http://training-wheels-protocol.herokuapp.com'.</msg>
<status status="PASS" starttime="20210330 21:18:42.644" endtime="20210330 21:18:49.117"/>
</kw>
<status status="PASS" starttime="20210330 21:18:42.643" endtime="20210330 21:18:49.117"/>
</kw>
<kw name="Go To" library="SeleniumLibrary">
<arg>${url}/login</arg>
<doc>Navigates the current browser window to the provided ``url``.</doc>
<msg timestamp="20210330 21:18:49.118" level="INFO">Opening url 'http://training-wheels-protocol.herokuapp.com/login'</msg>
<status status="PASS" starttime="20210330 21:18:49.117" endtime="20210330 21:18:49.704"/>
</kw>
<kw name="login with">
<arg>stark</arg>
<arg>jarvis</arg>
<kw name="Input Text" library="SeleniumLibrary">
<arg>css:input[name=username]</arg>
<arg>${uname}</arg>
<doc>Types the given ``text`` into the text field identified by ``locator``.</doc>
<msg timestamp="20210330 21:18:49.707" level="INFO">Typing text 'stark' into text field 'css:input[name=username]'.</msg>
<status status="PASS" starttime="20210330 21:18:49.706" endtime="20210330 21:18:49.779"/>
</kw>
<kw name="Input Text" library="SeleniumLibrary">
<arg>css:input[name=password]</arg>
<arg>${password}</arg>
<doc>Types the given ``text`` into the text field identified by ``locator``.</doc>
<msg timestamp="20210330 21:18:49.779" level="INFO">Typing text 'jarvis' into text field 'css:input[name=password]'.</msg>
<status status="PASS" starttime="20210330 21:18:49.779" endtime="20210330 21:18:49.854"/>
</kw>
<status status="PASS" starttime="20210330 21:18:49.705" endtime="20210330 21:18:49.854"/>
</kw>
<kw name="Click Element" library="SeleniumLibrary">
<arg>class:btn-login</arg>
<doc>Click the element identified by ``locator``.</doc>
<msg timestamp="20210330 21:18:49.855" level="INFO">Clicking element 'class:btn-login'.</msg>
<status status="PASS" starttime="20210330 21:18:49.855" endtime="20210330 21:18:52.653"/>
</kw>
<kw name="should contains login alert">
<arg>Senha é invalida!</arg>
<kw name="Get WebElement" library="SeleniumLibrary">
<var>${messenge}</var>
<arg>id:flash</arg>
<doc>Returns the first WebElement matching the given ``locator``.</doc>
<msg timestamp="20210330 21:18:52.664" level="INFO">${messenge} = &lt;selenium.webdriver.remote.webelement.WebElement (session="ea990aadc2c6ff89f4a5a5f2457b9f94", element="fc8fe9da-e8e6-4a52-94a1-65d5165b33c8")&gt;</msg>
<status status="PASS" starttime="20210330 21:18:52.654" endtime="20210330 21:18:52.664"/>
</kw>
<kw name="Should Contain" library="BuiltIn">
<arg>${messenge.text}</arg>
<arg>${expect_menssege}</arg>
<doc>Fails if ``container`` does not contain ``item`` one or more times.</doc>
<status status="PASS" starttime="20210330 21:18:52.665" endtime="20210330 21:18:52.677"/>
</kw>
<status status="PASS" starttime="20210330 21:18:52.653" endtime="20210330 21:18:52.677"/>
</kw>
<kw name="Encerra sessão" library="base" type="TEARDOWN">
<kw name="Capture Page Screenshot" library="SeleniumLibrary">
<doc>Takes a screenshot of the current page and embeds it into a log file.</doc>
<msg timestamp="20210330 21:18:53.002" level="INFO" html="true">&lt;/td&gt;&lt;/tr&gt;&lt;tr&gt;&lt;td colspan="3"&gt;&lt;a href="selenium-screenshot-37.png"&gt;&lt;img src="selenium-screenshot-37.png" width="800px"&gt;&lt;/a&gt;</msg>
<status status="PASS" starttime="20210330 21:18:52.678" endtime="20210330 21:18:53.002"/>
</kw>
<kw name="Close Browser" library="SeleniumLibrary">
<doc>Closes the current browser.</doc>
<status status="PASS" starttime="20210330 21:18:53.002" endtime="20210330 21:18:55.155"/>
</kw>
<status status="PASS" starttime="20210330 21:18:52.678" endtime="20210330 21:18:55.156"/>
</kw>
<status status="PASS" starttime="20210330 21:18:42.642" endtime="20210330 21:18:55.157"/>
</test>
<test id="s1-t3" name="Usuário inválido">
<kw name="Nova sessão" library="base" type="SETUP">
<kw name="Open Browser" library="SeleniumLibrary">
<arg>${url}</arg>
<arg>chrome</arg>
<doc>Opens a new browser instance to the optional ``url``.</doc>
<msg timestamp="20210330 21:18:55.160" level="INFO">Opening browser 'chrome' to base url 'http://training-wheels-protocol.herokuapp.com'.</msg>
<status status="PASS" starttime="20210330 21:18:55.160" endtime="20210330 21:19:02.284"/>
</kw>
<status status="PASS" starttime="20210330 21:18:55.160" endtime="20210330 21:19:02.284"/>
</kw>
<kw name="Go To" library="SeleniumLibrary">
<arg>${url}/login</arg>
<doc>Navigates the current browser window to the provided ``url``.</doc>
<msg timestamp="20210330 21:19:02.285" level="INFO">Opening url 'http://training-wheels-protocol.herokuapp.com/login'</msg>
<status status="PASS" starttime="20210330 21:19:02.285" endtime="20210330 21:19:03.387"/>
</kw>
<kw name="login with">
<arg>starki</arg>
<arg>jarvis!</arg>
<kw name="Input Text" library="SeleniumLibrary">
<arg>css:input[name=username]</arg>
<arg>${uname}</arg>
<doc>Types the given ``text`` into the text field identified by ``locator``.</doc>
<msg timestamp="20210330 21:19:03.389" level="INFO">Typing text 'starki' into text field 'css:input[name=username]'.</msg>
<status status="PASS" starttime="20210330 21:19:03.388" endtime="20210330 21:19:03.493"/>
</kw>
<kw name="Input Text" library="SeleniumLibrary">
<arg>css:input[name=password]</arg>
<arg>${password}</arg>
<doc>Types the given ``text`` into the text field identified by ``locator``.</doc>
<msg timestamp="20210330 21:19:03.494" level="INFO">Typing text 'jarvis!' into text field 'css:input[name=password]'.</msg>
<status status="PASS" starttime="20210330 21:19:03.493" endtime="20210330 21:19:03.631"/>
</kw>
<status status="PASS" starttime="20210330 21:19:03.388" endtime="20210330 21:19:03.632"/>
</kw>
<kw name="Click Element" library="SeleniumLibrary">
<arg>class:btn-login</arg>
<doc>Click the element identified by ``locator``.</doc>
<msg timestamp="20210330 21:19:03.633" level="INFO">Clicking element 'class:btn-login'.</msg>
<status status="PASS" starttime="20210330 21:19:03.633" endtime="20210330 21:19:04.275"/>
</kw>
<kw name="should contains login alert">
<arg>O usuário informado não está cadastrado!</arg>
<kw name="Get WebElement" library="SeleniumLibrary">
<var>${messenge}</var>
<arg>id:flash</arg>
<doc>Returns the first WebElement matching the given ``locator``.</doc>
<msg timestamp="20210330 21:19:04.297" level="INFO">${messenge} = &lt;selenium.webdriver.remote.webelement.WebElement (session="503d137650dec0ab25266bc20c203a60", element="0b1b302f-798c-4343-8cd3-aaebc907a10f")&gt;</msg>
<status status="PASS" starttime="20210330 21:19:04.276" endtime="20210330 21:19:04.297"/>
</kw>
<kw name="Should Contain" library="BuiltIn">
<arg>${messenge.text}</arg>
<arg>${expect_menssege}</arg>
<doc>Fails if ``container`` does not contain ``item`` one or more times.</doc>
<status status="PASS" starttime="20210330 21:19:04.297" endtime="20210330 21:19:04.327"/>
</kw>
<status status="PASS" starttime="20210330 21:19:04.276" endtime="20210330 21:19:04.327"/>
</kw>
<kw name="Encerra sessão" library="base" type="TEARDOWN">
<kw name="Capture Page Screenshot" library="SeleniumLibrary">
<doc>Takes a screenshot of the current page and embeds it into a log file.</doc>
<msg timestamp="20210330 21:19:04.745" level="INFO" html="true">&lt;/td&gt;&lt;/tr&gt;&lt;tr&gt;&lt;td colspan="3"&gt;&lt;a href="selenium-screenshot-38.png"&gt;&lt;img src="selenium-screenshot-38.png" width="800px"&gt;&lt;/a&gt;</msg>
<status status="PASS" starttime="20210330 21:19:04.329" endtime="20210330 21:19:04.745"/>
</kw>
<kw name="Close Browser" library="SeleniumLibrary">
<doc>Closes the current browser.</doc>
<status status="PASS" starttime="20210330 21:19:04.746" endtime="20210330 21:19:06.910"/>
</kw>
<status status="PASS" starttime="20210330 21:19:04.329" endtime="20210330 21:19:06.911"/>
</kw>
<status status="PASS" starttime="20210330 21:18:55.159" endtime="20210330 21:19:06.912"/>
</test>
<status status="PASS" starttime="20210330 21:18:32.721" endtime="20210330 21:19:06.914"/>
</suite>
<statistics>
<total>
<stat pass="3" fail="0" skip="0">All Tests</stat>
</total>
<tag>
</tag>
<suite>
<stat pass="3" fail="0" skip="0" id="s1" name="Login Form">Login Form</stat>
</suite>
</statistics>
<errors>
</errors>
</robot>
